<?xml version="1.0" encoding="UTF-8"?>
<testsuite name="RationalTest" tests="4" skipped="0" failures="0" errors="0" timestamp="2023-09-20T08:26:21" hostname="chanyanuds-MacBook-Pro.local" time="0.004">
  <properties/>
  <testcase name="testAdd" classname="RationalTest" time="0.003"/>
  <testcase name="testEqual" classname="RationalTest" time="0.001"/>
  <testcase name="testSubstract" classname="RationalTest" time="0.0"/>
  <testcase name="testMultiply" classname="RationalTest" time="0.0"/>
  <system-out><![CDATA[]]></system-out>
  <system-err><![CDATA[]]></system-err>
</testsuite>
